-------------------------------------------------------------------------------
Test set: com.mycompany.introjunit5.MathUtilTest
-------------------------------------------------------------------------------
Tests run: 14, Failures: 1, Errors: 0, Skipped: 0, Time elapsed: 0.091 s <<< FAILURE! - in com.mycompany.introjunit5.MathUtilTest
testMdcP12Resposta1  Time elapsed: 0.016 s  <<< FAILURE!
org.opentest4j.AssertionFailedError: expected: <1> but was: <3>
	at com.mycompany.introjunit5.MathUtilTest.testMdcP12Resposta1(MathUtilTest.java:149)

