<?xml version="1.0" encoding="UTF-8"?>
<testsuite xmlns:xsi="http://www.w3.org/2001/XMLSchema-instance" xsi:noNamespaceSchemaLocation="https://maven.apache.org/surefire/maven-surefire-plugin/xsd/surefire-test-report.xsd" name="com.mycompany.introjunit5.MathUtilTest" time="0.083" tests="11" errors="0" skipped="0" failures="0">
  <properties>
[...]
</properties>
  <testcase name="testMdcAPositivoP3" classname="com.mycompany.introjunit5.MathUtilTest" time="0.032"/>
  <testcase name="testMdcP5" classname="com.mycompany.introjunit5.MathUtilTest" time="0.002"/>
  <testcase name="testMdcP6" classname="com.mycompany.introjunit5.MathUtilTest" time="0.007"/>
  <testcase name="testMdcP8" classname="com.mycompany.introjunit5.MathUtilTest" time="0.001"/>
  <testcase name="testMdcAParP1" classname="com.mycompany.introjunit5.MathUtilTest" time="0.004"/>
  <testcase name="testMdcMParP4" classname="com.mycompany.introjunit5.MathUtilTest" time="0.001"/>
  <testcase name="testMdcAnegativoP3" classname="com.mycompany.introjunit5.MathUtilTest" time="0.001"/>
  <testcase name="testMdcP7TudoNegativo" classname="com.mycompany.introjunit5.MathUtilTest" time="0.002"/>
  <testcase name="testMdcParesP2" classname="com.mycompany.introjunit5.MathUtilTest" time="0.002"/>
  <testcase name="testMdcAImparP1" classname="com.mycompany.introjunit5.MathUtilTest" time="0.001"/>
  <testcase name="testMdcP5Resultado1" classname="com.mycompany.introjunit5.MathUtilTest" time="0.002"/>
</testsuite>